<?xml version="1.0" encoding="UTF-8" ?>
<testsuite tests="1" failures="0" name="com.murugesh.trainings.ws.sumwsclient.AppTest" time="0.004" errors="0" skipped="0">
  <properties>
    <property name="java.runtime.name" value="Java(TM) SE Runtime Environment"/>
    <property name="sun.boot.library.path" value="H:\Softwares\jdk1.8\jre\bin"/>
    <property name="java.vm.version" value="25.121-b13"/>
    <property name="java.vm.vendor" value="Oracle Corporation"/>
    <property name="maven.multiModuleProjectDirectory" value="H:\Software_Development\SOAP-Web-Services-WS-Security-latest\sumwsclient"/>
    <property name="java.vendor.url" value="http://java.oracle.com/"/>
    <property name="path.separator" value=";"/>
    <property name="guice.disable.misplaced.annotation.check" value="true"/>
    <property name="java.vm.name" value="Java HotSpot(TM) 64-Bit Server VM"/>
    <property name="file.encoding.pkg" value="sun.io"/>
    <property name="user.script" value=""/>
    <property name="user.country" value="IN"/>
    <property name="sun.java.launcher" value="SUN_STANDARD"/>
    <property name="sun.os.patch.level" value=""/>
    <property name="java.vm.specification.name" value="Java Virtual Machine Specification"/>
    <property name="user.dir" value="H:\Software_Development\SOAP-Web-Services-WS-Security-latest\sumwsclient"/>
    <property name="java.runtime.version" value="1.8.0_121-b13"/>
    <property name="java.awt.graphicsenv" value="sun.awt.Win32GraphicsEnvironment"/>
    <property name="java.endorsed.dirs" value="H:\Softwares\jdk1.8\jre\lib\endorsed"/>
    <property name="os.arch" value="amd64"/>
    <property name="java.io.tmpdir" value="C:\Users\Murugesh\AppData\Local\Temp\"/>
    <property name="line.separator" value="
"/>
    <property name="java.vm.specification.vendor" value="Oracle Corporation"/>
    <property name="user.variant" value=""/>
    <property name="os.name" value="Windows 7"/>
    <property name="classworlds.conf" value="H:\Software_Development\SOAP-Web-Services-WS-Security-latest\.metadata\.plugins\org.eclipse.m2e.launching\launches\m2conf3284854737711749601.tmp"/>
    <property name="sun.jnu.encoding" value="Cp1252"/>
    <property name="java.library.path" value="H:\Softwares\jdk1.8\bin;C:\Windows\Sun\Java\bin;C:\Windows\system32;C:\Windows;H:/Softwares/jdk1.8/bin/../jre/bin/server;H:/Softwares/jdk1.8/bin/../jre/bin;H:/Softwares/jdk1.8/bin/../jre/lib/amd64;C:\oraclexe\app\oracle\product\11.2.0\server\bin;D:\app\Krish\product\12.1.0\dbhome_2\bin;D:\app\krish\product\12.1.0\dbhome_1\bin;H:\Softwares\jdk1.8\bin;H:\Softwares\apache-ant-1.10.1-bin\apache-ant-1.10.1\bin;C:\MinGW\bin;C:\MinGW\libexec\gcc\x86_64-pc-mingw32\4.8.2;D:\app\Murugesh\product\11.2.0\dbhome_1\bin;C:\Windows\system32;C:\Windows;C:\Windows\System32\Wbem;C:\Windows\System32\WindowsPowerShell\v1.0\;C:\MinGW\bin;H:\Softwares\apache-maven-3.6.0-bin\apache-maven-3.6.0\bin;C:\Program Files\Git\cmd;;C:\Windows\system32;;."/>
    <property name="java.specification.name" value="Java Platform API Specification"/>
    <property name="java.class.version" value="52.0"/>
    <property name="sun.management.compiler" value="HotSpot 64-Bit Tiered Compilers"/>
    <property name="os.version" value="6.1"/>
    <property name="user.home" value="C:\Users\Murugesh"/>
    <property name="user.timezone" value="Asia/Calcutta"/>
    <property name="java.awt.printerjob" value="sun.awt.windows.WPrinterJob"/>
    <property name="java.specification.version" value="1.8"/>
    <property name="file.encoding" value="Cp1252"/>
    <property name="user.name" value="Murugesh"/>
    <property name="java.class.path" value="C:\Users\Murugesh\.p2\pool\plugins\org.eclipse.m2e.maven.runtime_1.13.0.20190716-1623\jars\plexus-classworlds-2.6.0.jar"/>
    <property name="java.vm.specification.version" value="1.8"/>
    <property name="sun.arch.data.model" value="64"/>
    <property name="java.home" value="H:\Softwares\jdk1.8\jre"/>
    <property name="sun.java.command" value="org.codehaus.plexus.classworlds.launcher.Launcher -B install"/>
    <property name="java.specification.vendor" value="Oracle Corporation"/>
    <property name="user.language" value="en"/>
    <property name="awt.toolkit" value="sun.awt.windows.WToolkit"/>
    <property name="java.vm.info" value="mixed mode"/>
    <property name="java.version" value="1.8.0_121"/>
    <property name="java.ext.dirs" value="H:\Softwares\jdk1.8\jre\lib\ext;C:\Windows\Sun\Java\lib\ext"/>
    <property name="sun.boot.class.path" value="H:\Softwares\jdk1.8\jre\lib\resources.jar;H:\Softwares\jdk1.8\jre\lib\rt.jar;H:\Softwares\jdk1.8\jre\lib\sunrsasign.jar;H:\Softwares\jdk1.8\jre\lib\jsse.jar;H:\Softwares\jdk1.8\jre\lib\jce.jar;H:\Softwares\jdk1.8\jre\lib\charsets.jar;H:\Softwares\jdk1.8\jre\lib\jfr.jar;H:\Softwares\jdk1.8\jre\classes"/>
    <property name="java.vendor" value="Oracle Corporation"/>
    <property name="maven.home" value="H:\Software_Development\SOAP-Web-Services-WS-Security-latest\sumwsclient\EMBEDDED"/>
    <property name="file.separator" value="\"/>
    <property name="java.vendor.url.bug" value="http://bugreport.sun.com/bugreport/"/>
    <property name="sun.cpu.endian" value="little"/>
    <property name="sun.io.unicode.encoding" value="UnicodeLittle"/>
    <property name="sun.desktop" value="windows"/>
    <property name="sun.cpu.isalist" value="amd64"/>
  </properties>
  <testcase classname="com.murugesh.trainings.ws.sumwsclient.AppTest" name="testApp" time="0.004"/>
</testsuite>